<?xml version="1.0" encoding="UTF-8"?>
<!-- Generated by org.testng.reporters.JUnitReportReporter -->
<testsuite hostname="LAPTOP-E6I68DPJ" failures="0" tests="2" name="test.automation.FirstGetRequest" time="3.822" errors="0" timestamp="2024-09-20T17:16:25 IST" skipped="0">
  <testcase classname="test.automation.FirstGetRequest" name="BasicAuth" time="3.022"/>
  <testcase classname="test.automation.FirstGetRequest" name="posttc01" time="0.800"/>
</testsuite> <!-- test.automation.FirstGetRequest -->
