<?xml version="1.0" encoding="UTF-8"?>
<!-- Generated by org.testng.reporters.JUnitReportReporter -->
<testsuite hostname="LAPTOP-E6I68DPJ" failures="0" tests="1" name="test.automation.AppTest" time="0.004" errors="0" timestamp="2024-09-20T17:16:54 IST" skipped="0">
  <testcase classname="test.automation.AppTest" name="testApp" time="0.004"/>
</testsuite> <!-- test.automation.AppTest -->
